Start testing: Nov 04 14:32 SAST
----------------------------------------------------------
1/10 Testing: AllCitizenIteratorTest
1/10 Test: AllCitizenIteratorTest
Command: "/home/sean/COS 214/Project/Cool-Cats/build/AllCitizenIteratorTest"
Directory: /home/sean/COS 214/Project/Cool-Cats/build
"AllCitizenIteratorTest" start time: Nov 04 14:32 SAST
Output:
----------------------------------------------------------
Running main() from /home/sean/COS 214/Project/Cool-Cats/googletest/googletest/src/gtest_main.cc
[==========] Running 3 tests from 1 test suite.
[----------] Global test environment set-up.
[----------] 3 tests from CitizenIteratorTest
[ RUN      ] CitizenIteratorTest.IterateAllTest
[       OK ] CitizenIteratorTest.IterateAllTest (0 ms)
[ RUN      ] CitizenIteratorTest.testFirst
[       OK ] CitizenIteratorTest.testFirst (0 ms)
[ RUN      ] CitizenIteratorTest.testHigh
[       OK ] CitizenIteratorTest.testHigh (0 ms)
[----------] 3 tests from CitizenIteratorTest (0 ms total)

[----------] Global test environment tear-down
[==========] 3 tests from 1 test suite ran. (0 ms total)
[  PASSED  ] 3 tests.
<end of output>
Test time =   0.01 sec
----------------------------------------------------------
Test Passed.
"AllCitizenIteratorTest" end time: Nov 04 14:32 SAST
"AllCitizenIteratorTest" time elapsed: 00:00:00
----------------------------------------------------------

2/10 Testing: CreatorTest
2/10 Test: CreatorTest
Command: "/home/sean/COS 214/Project/Cool-Cats/build/CreatorTest"
Directory: /home/sean/COS 214/Project/Cool-Cats/build
"CreatorTest" start time: Nov 04 14:32 SAST
Output:
----------------------------------------------------------
Running main() from /home/sean/COS 214/Project/Cool-Cats/googletest/googletest/src/gtest_main.cc
[==========] Running 8 tests from 1 test suite.
[----------] Global test environment set-up.
[----------] 8 tests from CreatorTest
[ RUN      ] CreatorTest.BasicLowCitizenCreation
[       OK ] CreatorTest.BasicLowCitizenCreation (0 ms)
[ RUN      ] CreatorTest.SpecificLowCitizenCreation
[       OK ] CreatorTest.SpecificLowCitizenCreation (0 ms)
[ RUN      ] CreatorTest.BasicMiddleCitizenCreation
[       OK ] CreatorTest.BasicMiddleCitizenCreation (0 ms)
[ RUN      ] CreatorTest.SpecificMiddleCitizenCreation
[       OK ] CreatorTest.SpecificMiddleCitizenCreation (0 ms)
[ RUN      ] CreatorTest.BasicHighCitizenCreation
[       OK ] CreatorTest.BasicHighCitizenCreation (0 ms)
[ RUN      ] CreatorTest.SpecificHighCitizenCreation
[       OK ] CreatorTest.SpecificHighCitizenCreation (0 ms)
[ RUN      ] CreatorTest.BasicMayorCreation
[       OK ] CreatorTest.BasicMayorCreation (0 ms)
[ RUN      ] CreatorTest.SpecificMayorCreation
[       OK ] CreatorTest.SpecificMayorCreation (0 ms)
[----------] 8 tests from CreatorTest (0 ms total)

[----------] Global test environment tear-down
[==========] 8 tests from 1 test suite ran. (0 ms total)
[  PASSED  ] 8 tests.
<end of output>
Test time =   0.01 sec
----------------------------------------------------------
Test Passed.
"CreatorTest" end time: Nov 04 14:32 SAST
"CreatorTest" time elapsed: 00:00:00
----------------------------------------------------------

3/10 Testing: HighCitizenTest
3/10 Test: HighCitizenTest
Command: "/home/sean/COS 214/Project/Cool-Cats/build/HighCitizenTest"
Directory: /home/sean/COS 214/Project/Cool-Cats/build
"HighCitizenTest" start time: Nov 04 14:32 SAST
Output:
----------------------------------------------------------
Running main() from /home/sean/COS 214/Project/Cool-Cats/googletest/googletest/src/gtest_main.cc
[==========] Running 4 tests from 1 test suite.
[----------] Global test environment set-up.
[----------] 4 tests from HighCitizenTest
[ RUN      ] HighCitizenTest.Vote
[       OK ] HighCitizenTest.Vote (0 ms)
[ RUN      ] HighCitizenTest.NumOfHighCitizens
[       OK ] HighCitizenTest.NumOfHighCitizens (0 ms)
[ RUN      ] HighCitizenTest.Income
[       OK ] HighCitizenTest.Income (0 ms)
[ RUN      ] HighCitizenTest.Deconstructor
[       OK ] HighCitizenTest.Deconstructor (0 ms)
[----------] 4 tests from HighCitizenTest (0 ms total)

[----------] Global test environment tear-down
[==========] 4 tests from 1 test suite ran. (0 ms total)
[  PASSED  ] 4 tests.
<end of output>
Test time =   0.01 sec
----------------------------------------------------------
Test Passed.
"HighCitizenTest" end time: Nov 04 14:32 SAST
"HighCitizenTest" time elapsed: 00:00:00
----------------------------------------------------------

4/10 Testing: LowCitizenTest
4/10 Test: LowCitizenTest
Command: "/home/sean/COS 214/Project/Cool-Cats/build/LowCitizenTest"
Directory: /home/sean/COS 214/Project/Cool-Cats/build
"LowCitizenTest" start time: Nov 04 14:32 SAST
Output:
----------------------------------------------------------
Running main() from /home/sean/COS 214/Project/Cool-Cats/googletest/googletest/src/gtest_main.cc
[==========] Running 4 tests from 1 test suite.
[----------] Global test environment set-up.
[----------] 4 tests from LowCitizenTest
[ RUN      ] LowCitizenTest.Vote
[       OK ] LowCitizenTest.Vote (0 ms)
[ RUN      ] LowCitizenTest.NumOfLowCitizens
[       OK ] LowCitizenTest.NumOfLowCitizens (0 ms)
[ RUN      ] LowCitizenTest.Income
[       OK ] LowCitizenTest.Income (0 ms)
[ RUN      ] LowCitizenTest.Deconstructor
[       OK ] LowCitizenTest.Deconstructor (0 ms)
[----------] 4 tests from LowCitizenTest (0 ms total)

[----------] Global test environment tear-down
[==========] 4 tests from 1 test suite ran. (0 ms total)
[  PASSED  ] 4 tests.
<end of output>
Test time =   0.01 sec
----------------------------------------------------------
Test Passed.
"LowCitizenTest" end time: Nov 04 14:32 SAST
"LowCitizenTest" time elapsed: 00:00:00
----------------------------------------------------------

5/10 Testing: MayorIteratorTest
5/10 Test: MayorIteratorTest
Command: "/home/sean/COS 214/Project/Cool-Cats/build/MayorIteratorTest"
Directory: /home/sean/COS 214/Project/Cool-Cats/build
"MayorIteratorTest" start time: Nov 04 14:32 SAST
Output:
----------------------------------------------------------
Running main() from /home/sean/COS 214/Project/Cool-Cats/googletest/googletest/src/gtest_main.cc
[==========] Running 2 tests from 1 test suite.
[----------] Global test environment set-up.
[----------] 2 tests from MayorIteratorTest
[ RUN      ] MayorIteratorTest.IterateAllTest
[       OK ] MayorIteratorTest.IterateAllTest (0 ms)
[ RUN      ] MayorIteratorTest.testFirst
[       OK ] MayorIteratorTest.testFirst (0 ms)
[----------] 2 tests from MayorIteratorTest (0 ms total)

[----------] Global test environment tear-down
[==========] 2 tests from 1 test suite ran. (0 ms total)
[  PASSED  ] 2 tests.
<end of output>
Test time =   0.01 sec
----------------------------------------------------------
Test Passed.
"MayorIteratorTest" end time: Nov 04 14:32 SAST
"MayorIteratorTest" time elapsed: 00:00:00
----------------------------------------------------------

6/10 Testing: MayorTest
6/10 Test: MayorTest
Command: "/home/sean/COS 214/Project/Cool-Cats/build/MayorTest"
Directory: /home/sean/COS 214/Project/Cool-Cats/build
"MayorTest" start time: Nov 04 14:32 SAST
Output:
----------------------------------------------------------
Running main() from /home/sean/COS 214/Project/Cool-Cats/googletest/googletest/src/gtest_main.cc
[==========] Running 14 tests from 2 test suites.
[----------] Global test environment set-up.
[----------] 5 tests from MayorTest
[ RUN      ] MayorTest.DefaultConstructor
[       OK ] MayorTest.DefaultConstructor (0 ms)
[ RUN      ] MayorTest.ParameterizedConstructorValidInput
[       OK ] MayorTest.ParameterizedConstructorValidInput (0 ms)
[ RUN      ] MayorTest.NumberOfMayors
[       OK ] MayorTest.NumberOfMayors (0 ms)
[ RUN      ] MayorTest.GetIncome
[       OK ] MayorTest.GetIncome (0 ms)
[ RUN      ] MayorTest.TestPopulation
[       OK ] MayorTest.TestPopulation (0 ms)
[----------] 5 tests from MayorTest (0 ms total)

[----------] 9 tests from CitizenTest
[ RUN      ] CitizenTest.ParameterizedConstructorInvalidSatisfaction
[       OK ] CitizenTest.ParameterizedConstructorInvalidSatisfaction (0 ms)
[ RUN      ] CitizenTest.AddValidService
[       OK ] CitizenTest.AddValidService (0 ms)
[ RUN      ] CitizenTest.AddInvalidService
[       OK ] CitizenTest.AddInvalidService (0 ms)
[ RUN      ] CitizenTest.RemoveExistingService
[       OK ] CitizenTest.RemoveExistingService (0 ms)
[ RUN      ] CitizenTest.SetEmploymentStatusValid
[       OK ] CitizenTest.SetEmploymentStatusValid (0 ms)
[ RUN      ] CitizenTest.SetEmploymentStatusInvalid
[       OK ] CitizenTest.SetEmploymentStatusInvalid (0 ms)
[ RUN      ] CitizenTest.SetSatisfactionValid
[       OK ] CitizenTest.SetSatisfactionValid (0 ms)
[ RUN      ] CitizenTest.SetSatisfactionInvalid
[       OK ] CitizenTest.SetSatisfactionInvalid (0 ms)
[ RUN      ] CitizenTest.DetermineMayor
[       OK ] CitizenTest.DetermineMayor (0 ms)
[----------] 9 tests from CitizenTest (0 ms total)

[----------] Global test environment tear-down
[==========] 14 tests from 2 test suites ran. (0 ms total)
[  PASSED  ] 14 tests.
<end of output>
Test time =   0.01 sec
----------------------------------------------------------
Test Passed.
"MayorTest" end time: Nov 04 14:32 SAST
"MayorTest" time elapsed: 00:00:00
----------------------------------------------------------

7/10 Testing: MiddleCitizenTest
7/10 Test: MiddleCitizenTest
Command: "/home/sean/COS 214/Project/Cool-Cats/build/MiddleCitizenTest"
Directory: /home/sean/COS 214/Project/Cool-Cats/build
"MiddleCitizenTest" start time: Nov 04 14:32 SAST
Output:
----------------------------------------------------------
Running main() from /home/sean/COS 214/Project/Cool-Cats/googletest/googletest/src/gtest_main.cc
[==========] Running 4 tests from 1 test suite.
[----------] Global test environment set-up.
[----------] 4 tests from MiddleCitizenTest
[ RUN      ] MiddleCitizenTest.Vote
[       OK ] MiddleCitizenTest.Vote (0 ms)
[ RUN      ] MiddleCitizenTest.NumOfMiddleCitizens
[       OK ] MiddleCitizenTest.NumOfMiddleCitizens (0 ms)
[ RUN      ] MiddleCitizenTest.Income
[       OK ] MiddleCitizenTest.Income (0 ms)
[ RUN      ] MiddleCitizenTest.Deconstructor
[       OK ] MiddleCitizenTest.Deconstructor (0 ms)
[----------] 4 tests from MiddleCitizenTest (0 ms total)

[----------] Global test environment tear-down
[==========] 4 tests from 1 test suite ran. (0 ms total)
[  PASSED  ] 4 tests.
<end of output>
Test time =   0.01 sec
----------------------------------------------------------
Test Passed.
"MiddleCitizenTest" end time: Nov 04 14:32 SAST
"MiddleCitizenTest" time elapsed: 00:00:00
----------------------------------------------------------

8/10 Testing: GovernmentTest
8/10 Test: GovernmentTest
Command: "/home/sean/COS 214/Project/Cool-Cats/build/GovernmentTest"
Directory: /home/sean/COS 214/Project/Cool-Cats/build
"GovernmentTest" start time: Nov 04 14:32 SAST
Output:
----------------------------------------------------------
Running main() from /home/sean/COS 214/Project/Cool-Cats/googletest/googletest/src/gtest_main.cc
[==========] Running 9 tests from 1 test suite.
[----------] Global test environment set-up.
[----------] 9 tests from GovernmentTest
[ RUN      ] GovernmentTest.ConstructorInitializesBudgetAndTaxRate
[       OK ] GovernmentTest.ConstructorInitializesBudgetAndTaxRate (0 ms)
[ RUN      ] GovernmentTest.SetTaxRateUpdatesTaxRate
Tax rate set to: 0.15
[       OK ] GovernmentTest.SetTaxRateUpdatesTaxRate (0 ms)
[ RUN      ] GovernmentTest.CollectionAddsToBudget
[       OK ] GovernmentTest.CollectionAddsToBudget (0 ms)
[ RUN      ] GovernmentTest.ImplementPolicyOutputsCorrectMessage
[       OK ] GovernmentTest.ImplementPolicyOutputsCorrectMessage (0 ms)
[ RUN      ] GovernmentTest.AllocateBudgetReducesBudget
Allocated 2000 to city services. Remaining budget: 8000
[       OK ] GovernmentTest.AllocateBudgetReducesBudget (0 ms)
[ RUN      ] GovernmentTest.AllocateBudgetInsufficientFunds
[       OK ] GovernmentTest.AllocateBudgetInsufficientFunds (0 ms)
[ RUN      ] GovernmentTest.StoreAndRetrieveMemento
Tax rate set to: 0.15
[       OK ] GovernmentTest.StoreAndRetrieveMemento (0 ms)
[ RUN      ] GovernmentTest.SetTaxRateWithTaxesObject
[       OK ] GovernmentTest.SetTaxRateWithTaxesObject (0 ms)
[ RUN      ] GovernmentTest.CoordinateResourcesUpdatesResourcesCorrectly
Coordinating resources for project: Infrastructure
Not enough materials available to use 100
Not enough energy available to distribute 200
Not enough water available to coordinate usage of 300
[       OK ] GovernmentTest.CoordinateResourcesUpdatesResourcesCorrectly (0 ms)
[----------] 9 tests from GovernmentTest (1 ms total)

[----------] Global test environment tear-down
[==========] 9 tests from 1 test suite ran. (1 ms total)
[  PASSED  ] 9 tests.
<end of output>
Test time =   0.01 sec
----------------------------------------------------------
Test Passed.
"GovernmentTest" end time: Nov 04 14:32 SAST
"GovernmentTest" time elapsed: 00:00:00
----------------------------------------------------------

9/10 Testing: TaxesTest
9/10 Test: TaxesTest
Command: "/home/sean/COS 214/Project/Cool-Cats/build/TaxesTest"
Directory: /home/sean/COS 214/Project/Cool-Cats/build
"TaxesTest" start time: Nov 04 14:32 SAST
Output:
----------------------------------------------------------
Running main() from /home/sean/COS 214/Project/Cool-Cats/googletest/googletest/src/gtest_main.cc
[==========] Running 4 tests from 1 test suite.
[----------] Global test environment set-up.
[----------] 4 tests from TaxesTest
[ RUN      ] TaxesTest.ConstructorInitializesTaxRate
[       OK ] TaxesTest.ConstructorInitializesTaxRate (0 ms)
[ RUN      ] TaxesTest.SetTaxRateUpdatesTaxRate
[       OK ] TaxesTest.SetTaxRateUpdatesTaxRate (0 ms)
[ RUN      ] TaxesTest.CreateMementoSavesCurrentState
[       OK ] TaxesTest.CreateMementoSavesCurrentState (0 ms)
[ RUN      ] TaxesTest.ReinstateMementoRestoresTaxRate
[       OK ] TaxesTest.ReinstateMementoRestoresTaxRate (0 ms)
[----------] 4 tests from TaxesTest (0 ms total)

[----------] Global test environment tear-down
[==========] 4 tests from 1 test suite ran. (0 ms total)
[  PASSED  ] 4 tests.
<end of output>
Test time =   0.01 sec
----------------------------------------------------------
Test Passed.
"TaxesTest" end time: Nov 04 14:32 SAST
"TaxesTest" time elapsed: 00:00:00
----------------------------------------------------------

10/10 Testing: TaxMementoTest
10/10 Test: TaxMementoTest
Command: "/home/sean/COS 214/Project/Cool-Cats/build/TaxMementoTest"
Directory: /home/sean/COS 214/Project/Cool-Cats/build
"TaxMementoTest" start time: Nov 04 14:32 SAST
Output:
----------------------------------------------------------
Running main() from /home/sean/COS 214/Project/Cool-Cats/googletest/googletest/src/gtest_main.cc
[==========] Running 4 tests from 1 test suite.
[----------] Global test environment set-up.
[----------] 4 tests from TaxMementoTest
[ RUN      ] TaxMementoTest.ConstructorSavesTaxesState
[       OK ] TaxMementoTest.ConstructorSavesTaxesState (0 ms)
[ RUN      ] TaxMementoTest.DestructorDeletesSavedState
[       OK ] TaxMementoTest.DestructorDeletesSavedState (0 ms)
[ RUN      ] TaxMementoTest.GetStateReturnsCorrectTaxesState
[       OK ] TaxMementoTest.GetStateReturnsCorrectTaxesState (0 ms)
[ RUN      ] TaxMementoTest.SetStateUpdatesSavedState
[       OK ] TaxMementoTest.SetStateUpdatesSavedState (0 ms)
[----------] 4 tests from TaxMementoTest (0 ms total)

[----------] Global test environment tear-down
[==========] 4 tests from 1 test suite ran. (0 ms total)
[  PASSED  ] 4 tests.
<end of output>
Test time =   0.01 sec
----------------------------------------------------------
Test Passed.
"TaxMementoTest" end time: Nov 04 14:32 SAST
"TaxMementoTest" time elapsed: 00:00:00
----------------------------------------------------------

End testing: Nov 04 14:32 SAST
